build/app/intermediates/manifest_merge_blame_file/debug/manifest-merger-blame-debug-report.txt
1<?xml version="1.0" encoding="utf-8"?>
2<manifest xmlns:android="http://schemas.android.com/apk/res/android"
3    package="com.nitinsaini.driversapplication"
4    android:versionCode="1"
5    android:versionName="1.0.0" >
6
7    <uses-sdk
8        android:minSdkVersion="20"
9        android:targetSdkVersion="31" />
10    <!--
11         The INTERNET permission is required for development. Specifically,
12         the Flutter tool needs it to communicate with the running application
13         to allow setting breakpoints, to provide hot reload, etc.
14    -->
15    <uses-permission android:name="android.permission.INTERNET" />
15-->src\debug\AndroidManifest.xml:7:5-66
15-->src\debug\AndroidManifest.xml:7:22-64
16    <uses-permission android:name="android.permission.ACCESS_FINE_LOCATION" />
16-->src\main\AndroidManifest.xml:5:5-79
16-->src\main\AndroidManifest.xml:5:22-76
17    <uses-permission android:name="android.permission.ACCESS_COARSE_LOCATION" />
17-->src\main\AndroidManifest.xml:6:5-81
17-->src\main\AndroidManifest.xml:6:22-78
18    <uses-permission android:name="android.permission.WAKE_LOCK" />
18-->[:firebase_messaging] AndroidManifest.xml:10:5-68
18-->[:firebase_messaging] AndroidManifest.xml:10:22-65
19    <uses-permission android:name="android.permission.ACCESS_NETWORK_STATE" /> <!-- Permissions options for the `notification` group -->
19-->[:firebase_messaging] AndroidManifest.xml:11:5-79
19-->[:firebase_messaging] AndroidManifest.xml:11:22-76
20    <uses-permission android:name="android.permission.POST_NOTIFICATIONS" />
20-->[:firebase_messaging] AndroidManifest.xml:13:5-77
20-->[:firebase_messaging] AndroidManifest.xml:13:22-74
21    <uses-permission android:name="android.permission.FOREGROUND_SERVICE" />
21-->[:geolocator_android] AndroidManifest.xml:9:5-77
21-->[:geolocator_android] AndroidManifest.xml:9:22-74
22    <uses-permission android:name="android.permission.VIBRATE" />
22-->[:assets_audio_player] AndroidManifest.xml:10:5-66
22-->[:assets_audio_player] AndroidManifest.xml:10:22-63
23    <uses-permission android:name="android.permission.WRITE_EXTERNAL_STORAGE" />
24    <uses-permission android:name="android.permission.READ_PHONE_STATE" />
25    <uses-permission android:name="android.permission.READ_EXTERNAL_STORAGE" /> <!-- Required by older versions of Google Play services to create IID tokens -->
26    <uses-permission android:name="com.google.android.c2dm.permission.RECEIVE" />
26-->[com.google.firebase:firebase-iid:21.1.0] AndroidManifest.xml:26:5-82
26-->[com.google.firebase:firebase-iid:21.1.0] AndroidManifest.xml:26:22-79
27
28    <uses-feature
28-->[com.google.android.gms:play-services-maps:18.1.0] AndroidManifest.xml:26:5-28:35
29        android:glEsVersion="0x00020000"
29-->[com.google.android.gms:play-services-maps:18.1.0] AndroidManifest.xml:27:9-41
30        android:required="true" />
30-->[com.google.android.gms:play-services-maps:18.1.0] AndroidManifest.xml:28:9-32
31
32    <queries>
32-->[com.google.android.gms:play-services-maps:18.1.0] AndroidManifest.xml:30:5-34:15
33
34        <!-- Needs to be explicitly declared on Android R+ -->
35        <package android:name="com.google.android.apps.maps" />
35-->[com.google.android.gms:play-services-maps:18.1.0] AndroidManifest.xml:33:9-64
35-->[com.google.android.gms:play-services-maps:18.1.0] AndroidManifest.xml:33:18-61
36    </queries>
37
38    <permission
38-->[androidx.core:core:1.9.0] AndroidManifest.xml:22:5-24:47
39        android:name="com.nitinsaini.driversapplication.DYNAMIC_RECEIVER_NOT_EXPORTED_PERMISSION"
39-->[androidx.core:core:1.9.0] AndroidManifest.xml:23:9-81
40        android:protectionLevel="signature" />
40-->[androidx.core:core:1.9.0] AndroidManifest.xml:24:9-44
41
42    <uses-permission android:name="com.nitinsaini.driversapplication.DYNAMIC_RECEIVER_NOT_EXPORTED_PERMISSION" />
42-->[androidx.core:core:1.9.0] AndroidManifest.xml:26:5-97
42-->[androidx.core:core:1.9.0] AndroidManifest.xml:26:22-94
43
44    <application
45        android:name="android.app.Application"
46        android:appComponentFactory="androidx.core.app.CoreComponentFactory"
46-->[androidx.core:core:1.9.0] AndroidManifest.xml:28:18-86
47        android:debuggable="true"
48        android:icon="@mipmap/ic_launcher"
49        android:label="drivers_application" >
50        <activity
51            android:name="com.example.drivers_application.MainActivity"
52            android:configChanges="orientation|keyboardHidden|keyboard|screenSize|smallestScreenSize|locale|layoutDirection|fontScale|screenLayout|density|uiMode"
53            android:exported="true"
54            android:hardwareAccelerated="true"
55            android:launchMode="singleTop"
56            android:theme="@style/LaunchTheme"
57            android:windowSoftInputMode="adjustResize" >
58
59            <!--
60                 Specifies an Android theme to apply to this Activity as soon as
61                 the Android process has started. This theme is visible to the user
62                 while the Flutter UI initializes. After that, this theme continues
63                 to determine the Window background behind the Flutter UI.
64            -->
65            <meta-data
66                android:name="io.flutter.embedding.android.NormalTheme"
67                android:resource="@style/NormalTheme" />
68
69            <intent-filter>
70                <action android:name="android.intent.action.MAIN" />
71
72                <category android:name="android.intent.category.LAUNCHER" />
73            </intent-filter>
74            <intent-filter>
75                <action android:name="FLUTTER_NOTIFICATION_CLICK" />
76
77                <category android:name="android.intent.category.DEFAULT" />
77-->[com.google.firebase:firebase-auth:21.1.0] AndroidManifest.xml:36:17-76
77-->[com.google.firebase:firebase-auth:21.1.0] AndroidManifest.xml:36:27-73
78            </intent-filter>
79        </activity>
80        <!--
81             Don't delete the meta-data below.
82             This is used by the Flutter tool to generate GeneratedPluginRegistrant.java
83        -->
84        <meta-data
85            android:name="flutterEmbedding"
86            android:value="2" />
87        <meta-data
88            android:name="com.google.android.geo.API_KEY"
89            android:value="AIzaSyDgoHGZHEq7iA225_0UdvIq9DVJRO5G_8o" />
90
91        <service
91-->[:firebase_database] AndroidManifest.xml:10:9-14:19
92            android:name="com.google.firebase.components.ComponentDiscoveryService"
92-->[:firebase_database] AndroidManifest.xml:10:18-89
93            android:directBootAware="true"
93-->[com.google.firebase:firebase-common:20.3.0] AndroidManifest.xml:34:13-43
94            android:exported="false" >
94-->[com.google.firebase:firebase-iid:21.1.0] AndroidManifest.xml:31:13-37
95            <meta-data
95-->[:firebase_database] AndroidManifest.xml:11:13-13:85
96                android:name="com.google.firebase.components:io.flutter.plugins.firebase.database.FlutterFirebaseAppRegistrar"
96-->[:firebase_database] AndroidManifest.xml:12:17-127
97                android:value="com.google.firebase.components.ComponentRegistrar" />
97-->[:firebase_database] AndroidManifest.xml:13:17-82
98            <meta-data
98-->[:firebase_auth] AndroidManifest.xml:11:13-13:85
99                android:name="com.google.firebase.components:io.flutter.plugins.firebase.auth.FlutterFirebaseAuthRegistrar"
99-->[:firebase_auth] AndroidManifest.xml:12:17-124
100                android:value="com.google.firebase.components.ComponentRegistrar" />
100-->[:firebase_auth] AndroidManifest.xml:13:17-82
101            <meta-data
101-->[:firebase_messaging] AndroidManifest.xml:38:13-40:85
102                android:name="com.google.firebase.components:io.flutter.plugins.firebase.messaging.FlutterFirebaseAppRegistrar"
102-->[:firebase_messaging] AndroidManifest.xml:39:17-128
103                android:value="com.google.firebase.components.ComponentRegistrar" />
103-->[:firebase_messaging] AndroidManifest.xml:40:17-82
104            <meta-data
104-->[:firebase_core] AndroidManifest.xml:11:13-13:85
105                android:name="com.google.firebase.components:io.flutter.plugins.firebase.core.FlutterFirebaseCoreRegistrar"
105-->[:firebase_core] AndroidManifest.xml:12:17-124
106                android:value="com.google.firebase.components.ComponentRegistrar" />
106-->[:firebase_core] AndroidManifest.xml:13:17-82
107            <meta-data
107-->[com.google.firebase:firebase-iid:21.1.0] AndroidManifest.xml:32:13-34:85
108                android:name="com.google.firebase.components:com.google.firebase.iid.Registrar"
108-->[com.google.firebase:firebase-iid:21.1.0] AndroidManifest.xml:33:17-96
109                android:value="com.google.firebase.components.ComponentRegistrar" />
109-->[com.google.firebase:firebase-iid:21.1.0] AndroidManifest.xml:34:17-82
110            <meta-data
110-->[com.google.firebase:firebase-auth:21.1.0] AndroidManifest.xml:67:13-69:85
111                android:name="com.google.firebase.components:com.google.firebase.auth.FirebaseAuthRegistrar"
111-->[com.google.firebase:firebase-auth:21.1.0] AndroidManifest.xml:68:17-109
112                android:value="com.google.firebase.components.ComponentRegistrar" />
112-->[com.google.firebase:firebase-auth:21.1.0] AndroidManifest.xml:69:17-82
113            <meta-data
113-->[com.google.firebase:firebase-messaging:23.1.1] AndroidManifest.xml:55:13-57:85
114                android:name="com.google.firebase.components:com.google.firebase.messaging.FirebaseMessagingRegistrar"
114-->[com.google.firebase:firebase-messaging:23.1.1] AndroidManifest.xml:56:17-119
115                android:value="com.google.firebase.components.ComponentRegistrar" />
115-->[com.google.firebase:firebase-messaging:23.1.1] AndroidManifest.xml:57:17-82
116            <meta-data
116-->[com.google.firebase:firebase-database:20.1.0] AndroidManifest.xml:31:13-33:85
117                android:name="com.google.firebase.components:com.google.firebase.database.DatabaseRegistrar"
117-->[com.google.firebase:firebase-database:20.1.0] AndroidManifest.xml:32:17-109
118                android:value="com.google.firebase.components.ComponentRegistrar" />
118-->[com.google.firebase:firebase-database:20.1.0] AndroidManifest.xml:33:17-82
119            <meta-data
119-->[com.google.firebase:firebase-installations:17.1.2] AndroidManifest.xml:17:13-19:85
120                android:name="com.google.firebase.components:com.google.firebase.installations.FirebaseInstallationsRegistrar"
120-->[com.google.firebase:firebase-installations:17.1.2] AndroidManifest.xml:18:17-127
121                android:value="com.google.firebase.components.ComponentRegistrar" />
121-->[com.google.firebase:firebase-installations:17.1.2] AndroidManifest.xml:19:17-82
122            <meta-data
122-->[com.google.firebase:firebase-datatransport:18.1.7] AndroidManifest.xml:27:13-29:85
123                android:name="com.google.firebase.components:com.google.firebase.datatransport.TransportRegistrar"
123-->[com.google.firebase:firebase-datatransport:18.1.7] AndroidManifest.xml:28:17-115
124                android:value="com.google.firebase.components.ComponentRegistrar" />
124-->[com.google.firebase:firebase-datatransport:18.1.7] AndroidManifest.xml:29:17-82
125        </service>
126        <service
126-->[:firebase_messaging] AndroidManifest.xml:16:9-19:72
127            android:name="io.flutter.plugins.firebase.messaging.FlutterFirebaseMessagingBackgroundService"
127-->[:firebase_messaging] AndroidManifest.xml:17:13-107
128            android:exported="false"
128-->[:firebase_messaging] AndroidManifest.xml:18:13-37
129            android:permission="android.permission.BIND_JOB_SERVICE" />
129-->[:firebase_messaging] AndroidManifest.xml:19:13-69
130        <service
130-->[:firebase_messaging] AndroidManifest.xml:20:9-26:19
131            android:name="io.flutter.plugins.firebase.messaging.FlutterFirebaseMessagingService"
131-->[:firebase_messaging] AndroidManifest.xml:21:13-97
132            android:exported="false" >
132-->[:firebase_messaging] AndroidManifest.xml:22:13-37
133            <intent-filter>
133-->[:firebase_messaging] AndroidManifest.xml:23:13-25:29
134                <action android:name="com.google.firebase.MESSAGING_EVENT" />
134-->[:firebase_messaging] AndroidManifest.xml:24:17-78
134-->[:firebase_messaging] AndroidManifest.xml:24:25-75
135            </intent-filter>
136        </service>
137
138        <receiver
138-->[:firebase_messaging] AndroidManifest.xml:28:9-35:20
139            android:name="io.flutter.plugins.firebase.messaging.FlutterFirebaseMessagingReceiver"
139-->[:firebase_messaging] AndroidManifest.xml:29:13-98
140            android:exported="true"
140-->[:firebase_messaging] AndroidManifest.xml:30:13-36
141            android:permission="com.google.android.c2dm.permission.SEND" >
141-->[:firebase_messaging] AndroidManifest.xml:31:13-73
142            <intent-filter>
142-->[:firebase_messaging] AndroidManifest.xml:32:13-34:29
143                <action android:name="com.google.android.c2dm.intent.RECEIVE" />
143-->[:firebase_messaging] AndroidManifest.xml:33:17-81
143-->[:firebase_messaging] AndroidManifest.xml:33:25-78
144            </intent-filter>
145        </receiver>
146
147        <provider
147-->[:firebase_messaging] AndroidManifest.xml:43:9-47:38
148            android:name="io.flutter.plugins.firebase.messaging.FlutterFirebaseMessagingInitProvider"
148-->[:firebase_messaging] AndroidManifest.xml:44:13-102
149            android:authorities="com.nitinsaini.driversapplication.flutterfirebasemessaginginitprovider"
149-->[:firebase_messaging] AndroidManifest.xml:45:13-88
150            android:exported="false"
150-->[:firebase_messaging] AndroidManifest.xml:46:13-37
151            android:initOrder="99" />
151-->[:firebase_messaging] AndroidManifest.xml:47:13-35
152
153        <service
153-->[:geolocator_android] AndroidManifest.xml:12:9-16:56
154            android:name="com.baseflow.geolocator.GeolocatorLocationService"
154-->[:geolocator_android] AndroidManifest.xml:13:13-77
155            android:enabled="true"
155-->[:geolocator_android] AndroidManifest.xml:14:13-35
156            android:exported="false"
156-->[:geolocator_android] AndroidManifest.xml:15:13-37
157            android:foregroundServiceType="location" />
157-->[:geolocator_android] AndroidManifest.xml:16:13-53
158
159        <receiver
159-->[:assets_audio_player] AndroidManifest.xml:14:9-16:39
160            android:name="com.github.florent37.assets_audio_player.notification.NotificationActionReceiver"
160-->[:assets_audio_player] AndroidManifest.xml:15:13-108
161            android:exported="true" />
161-->[:assets_audio_player] AndroidManifest.xml:16:13-36
162        <receiver
162-->[:assets_audio_player] AndroidManifest.xml:17:9-23:20
163            android:name="com.github.florent37.assets_audio_player.notification.CustomMediaButtonReceiver"
163-->[:assets_audio_player] AndroidManifest.xml:18:13-107
164            android:exported="true" >
164-->[:assets_audio_player] AndroidManifest.xml:19:13-36
165            <intent-filter>
165-->[:assets_audio_player] AndroidManifest.xml:20:13-22:29
166                <action android:name="android.intent.action.MEDIA_BUTTON" />
166-->[:assets_audio_player] AndroidManifest.xml:21:17-77
166-->[:assets_audio_player] AndroidManifest.xml:21:25-74
167            </intent-filter>
168        </receiver>
169
170        <service
170-->[:assets_audio_player] AndroidManifest.xml:25:9-35:19
171            android:name="com.github.florent37.assets_audio_player.notification.NotificationService"
171-->[:assets_audio_player] AndroidManifest.xml:26:13-101
172            android:enabled="true"
172-->[:assets_audio_player] AndroidManifest.xml:27:13-35
173            android:exported="true" >
173-->[:assets_audio_player] AndroidManifest.xml:28:13-36
174
175            <!--
176            <intent-filter>
177                <action android:name="android.intent.action.MEDIA_BUTTON" />
178            </intent-filter>
179            -->
180        </service>
181
182        <uses-library
182-->[androidx.window:window:1.0.0-beta04] AndroidManifest.xml:25:9-27:40
183            android:name="androidx.window.extensions"
183-->[androidx.window:window:1.0.0-beta04] AndroidManifest.xml:26:13-54
184            android:required="false" />
184-->[androidx.window:window:1.0.0-beta04] AndroidManifest.xml:27:13-37
185        <uses-library
185-->[androidx.window:window:1.0.0-beta04] AndroidManifest.xml:28:9-30:40
186            android:name="androidx.window.sidecar"
186-->[androidx.window:window:1.0.0-beta04] AndroidManifest.xml:29:13-51
187            android:required="false" />
187-->[androidx.window:window:1.0.0-beta04] AndroidManifest.xml:30:13-37
188
189        <activity
189-->[com.google.firebase:firebase-auth:21.1.0] AndroidManifest.xml:27:9-44:20
190            android:name="com.google.firebase.auth.internal.GenericIdpActivity"
190-->[com.google.firebase:firebase-auth:21.1.0] AndroidManifest.xml:28:13-80
191            android:excludeFromRecents="true"
191-->[com.google.firebase:firebase-auth:21.1.0] AndroidManifest.xml:29:13-46
192            android:exported="true"
192-->[com.google.firebase:firebase-auth:21.1.0] AndroidManifest.xml:30:13-36
193            android:launchMode="singleTask"
193-->[com.google.firebase:firebase-auth:21.1.0] AndroidManifest.xml:31:13-44
194            android:theme="@android:style/Theme.Translucent.NoTitleBar" >
194-->[com.google.firebase:firebase-auth:21.1.0] AndroidManifest.xml:32:13-72
195            <intent-filter>
195-->[com.google.firebase:firebase-auth:21.1.0] AndroidManifest.xml:33:13-43:29
196                <action android:name="android.intent.action.VIEW" />
196-->[com.google.firebase:firebase-auth:21.1.0] AndroidManifest.xml:34:17-69
196-->[com.google.firebase:firebase-auth:21.1.0] AndroidManifest.xml:34:25-66
197
198                <category android:name="android.intent.category.DEFAULT" />
198-->[com.google.firebase:firebase-auth:21.1.0] AndroidManifest.xml:36:17-76
198-->[com.google.firebase:firebase-auth:21.1.0] AndroidManifest.xml:36:27-73
199                <category android:name="android.intent.category.BROWSABLE" />
199-->[com.google.firebase:firebase-auth:21.1.0] AndroidManifest.xml:37:17-78
199-->[com.google.firebase:firebase-auth:21.1.0] AndroidManifest.xml:37:27-75
200
201                <data
201-->[com.google.firebase:firebase-auth:21.1.0] AndroidManifest.xml:39:17-42:51
202                    android:host="firebase.auth"
202-->[com.google.firebase:firebase-auth:21.1.0] AndroidManifest.xml:40:21-49
203                    android:path="/"
203-->[com.google.firebase:firebase-auth:21.1.0] AndroidManifest.xml:41:21-37
204                    android:scheme="genericidp" />
204-->[com.google.firebase:firebase-auth:21.1.0] AndroidManifest.xml:42:21-48
205            </intent-filter>
206        </activity>
207        <activity
207-->[com.google.firebase:firebase-auth:21.1.0] AndroidManifest.xml:45:9-62:20
208            android:name="com.google.firebase.auth.internal.RecaptchaActivity"
208-->[com.google.firebase:firebase-auth:21.1.0] AndroidManifest.xml:46:13-79
209            android:excludeFromRecents="true"
209-->[com.google.firebase:firebase-auth:21.1.0] AndroidManifest.xml:47:13-46
210            android:exported="true"
210-->[com.google.firebase:firebase-auth:21.1.0] AndroidManifest.xml:48:13-36
211            android:launchMode="singleTask"
211-->[com.google.firebase:firebase-auth:21.1.0] AndroidManifest.xml:49:13-44
212            android:theme="@android:style/Theme.Translucent.NoTitleBar" >
212-->[com.google.firebase:firebase-auth:21.1.0] AndroidManifest.xml:50:13-72
213            <intent-filter>
213-->[com.google.firebase:firebase-auth:21.1.0] AndroidManifest.xml:51:13-61:29
214                <action android:name="android.intent.action.VIEW" />
214-->[com.google.firebase:firebase-auth:21.1.0] AndroidManifest.xml:34:17-69
214-->[com.google.firebase:firebase-auth:21.1.0] AndroidManifest.xml:34:25-66
215
216                <category android:name="android.intent.category.DEFAULT" />
216-->[com.google.firebase:firebase-auth:21.1.0] AndroidManifest.xml:36:17-76
216-->[com.google.firebase:firebase-auth:21.1.0] AndroidManifest.xml:36:27-73
217                <category android:name="android.intent.category.BROWSABLE" />
217-->[com.google.firebase:firebase-auth:21.1.0] AndroidManifest.xml:37:17-78
217-->[com.google.firebase:firebase-auth:21.1.0] AndroidManifest.xml:37:27-75
218
219                <data
219-->[com.google.firebase:firebase-auth:21.1.0] AndroidManifest.xml:39:17-42:51
220                    android:host="firebase.auth"
220-->[com.google.firebase:firebase-auth:21.1.0] AndroidManifest.xml:40:21-49
221                    android:path="/"
221-->[com.google.firebase:firebase-auth:21.1.0] AndroidManifest.xml:41:21-37
222                    android:scheme="recaptcha" />
222-->[com.google.firebase:firebase-auth:21.1.0] AndroidManifest.xml:42:21-48
223            </intent-filter>
224        </activity>
225
226        <receiver
226-->[com.google.firebase:firebase-messaging:23.1.1] AndroidManifest.xml:31:9-38:20
227            android:name="com.google.firebase.iid.FirebaseInstanceIdReceiver"
227-->[com.google.firebase:firebase-messaging:23.1.1] AndroidManifest.xml:32:13-78
228            android:exported="true"
228-->[com.google.firebase:firebase-messaging:23.1.1] AndroidManifest.xml:33:13-36
229            android:permission="com.google.android.c2dm.permission.SEND" >
229-->[com.google.firebase:firebase-messaging:23.1.1] AndroidManifest.xml:34:13-73
230            <intent-filter>
230-->[:firebase_messaging] AndroidManifest.xml:32:13-34:29
231                <action android:name="com.google.android.c2dm.intent.RECEIVE" />
231-->[:firebase_messaging] AndroidManifest.xml:33:17-81
231-->[:firebase_messaging] AndroidManifest.xml:33:25-78
232            </intent-filter>
233        </receiver>
234        <!--
235             FirebaseMessagingService performs security checks at runtime,
236             but set to not exported to explicitly avoid allowing another app to call it.
237        -->
238        <service
238-->[com.google.firebase:firebase-messaging:23.1.1] AndroidManifest.xml:44:9-51:19
239            android:name="com.google.firebase.messaging.FirebaseMessagingService"
239-->[com.google.firebase:firebase-messaging:23.1.1] AndroidManifest.xml:45:13-82
240            android:directBootAware="true"
240-->[com.google.firebase:firebase-messaging:23.1.1] AndroidManifest.xml:46:13-43
241            android:exported="false" >
241-->[com.google.firebase:firebase-messaging:23.1.1] AndroidManifest.xml:47:13-37
242            <intent-filter android:priority="-500" >
242-->[:firebase_messaging] AndroidManifest.xml:23:13-25:29
243                <action android:name="com.google.firebase.MESSAGING_EVENT" />
243-->[:firebase_messaging] AndroidManifest.xml:24:17-78
243-->[:firebase_messaging] AndroidManifest.xml:24:25-75
244            </intent-filter>
245        </service>
246
247        <provider
247-->[com.google.firebase:firebase-common:20.3.0] AndroidManifest.xml:25:9-30:39
248            android:name="com.google.firebase.provider.FirebaseInitProvider"
248-->[com.google.firebase:firebase-common:20.3.0] AndroidManifest.xml:26:13-77
249            android:authorities="com.nitinsaini.driversapplication.firebaseinitprovider"
249-->[com.google.firebase:firebase-common:20.3.0] AndroidManifest.xml:27:13-72
250            android:directBootAware="true"
250-->[com.google.firebase:firebase-common:20.3.0] AndroidManifest.xml:28:13-43
251            android:exported="false"
251-->[com.google.firebase:firebase-common:20.3.0] AndroidManifest.xml:29:13-37
252            android:initOrder="100" /> <!-- Needs to be explicitly declared on P+ -->
252-->[com.google.firebase:firebase-common:20.3.0] AndroidManifest.xml:30:13-36
253        <uses-library
253-->[com.google.android.gms:play-services-maps:18.1.0] AndroidManifest.xml:39:9-41:40
254            android:name="org.apache.http.legacy"
254-->[com.google.android.gms:play-services-maps:18.1.0] AndroidManifest.xml:40:13-50
255            android:required="false" />
255-->[com.google.android.gms:play-services-maps:18.1.0] AndroidManifest.xml:41:13-37
256
257        <activity
257-->[com.google.android.gms:play-services-base:18.1.0] AndroidManifest.xml:20:9-22:45
258            android:name="com.google.android.gms.common.api.GoogleApiActivity"
258-->[com.google.android.gms:play-services-base:18.1.0] AndroidManifest.xml:20:19-85
259            android:exported="false"
259-->[com.google.android.gms:play-services-base:18.1.0] AndroidManifest.xml:22:19-43
260            android:theme="@android:style/Theme.Translucent.NoTitleBar" />
260-->[com.google.android.gms:play-services-base:18.1.0] AndroidManifest.xml:21:19-78
261
262        <meta-data
262-->[com.google.android.gms:play-services-basement:18.1.0] AndroidManifest.xml:21:9-23:69
263            android:name="com.google.android.gms.version"
263-->[com.google.android.gms:play-services-basement:18.1.0] AndroidManifest.xml:22:13-58
264            android:value="@integer/google_play_services_version" />
264-->[com.google.android.gms:play-services-basement:18.1.0] AndroidManifest.xml:23:13-66
265
266        <service
266-->[com.google.android.datatransport:transport-backend-cct:3.1.8] AndroidManifest.xml:28:9-34:19
267            android:name="com.google.android.datatransport.runtime.backends.TransportBackendDiscovery"
267-->[com.google.android.datatransport:transport-backend-cct:3.1.8] AndroidManifest.xml:29:13-103
268            android:exported="false" >
268-->[com.google.android.datatransport:transport-backend-cct:3.1.8] AndroidManifest.xml:30:13-37
269            <meta-data
269-->[com.google.android.datatransport:transport-backend-cct:3.1.8] AndroidManifest.xml:31:13-33:39
270                android:name="backend:com.google.android.datatransport.cct.CctBackendFactory"
270-->[com.google.android.datatransport:transport-backend-cct:3.1.8] AndroidManifest.xml:32:17-94
271                android:value="cct" />
271-->[com.google.android.datatransport:transport-backend-cct:3.1.8] AndroidManifest.xml:33:17-36
272        </service>
273        <service
273-->[com.google.android.datatransport:transport-runtime:3.1.8] AndroidManifest.xml:26:9-30:19
274            android:name="com.google.android.datatransport.runtime.scheduling.jobscheduling.JobInfoSchedulerService"
274-->[com.google.android.datatransport:transport-runtime:3.1.8] AndroidManifest.xml:27:13-117
275            android:exported="false"
275-->[com.google.android.datatransport:transport-runtime:3.1.8] AndroidManifest.xml:28:13-37
276            android:permission="android.permission.BIND_JOB_SERVICE" >
276-->[com.google.android.datatransport:transport-runtime:3.1.8] AndroidManifest.xml:29:13-69
277        </service>
278
279        <receiver
279-->[com.google.android.datatransport:transport-runtime:3.1.8] AndroidManifest.xml:32:9-34:40
280            android:name="com.google.android.datatransport.runtime.scheduling.jobscheduling.AlarmManagerSchedulerBroadcastReceiver"
280-->[com.google.android.datatransport:transport-runtime:3.1.8] AndroidManifest.xml:33:13-132
281            android:exported="false" />
281-->[com.google.android.datatransport:transport-runtime:3.1.8] AndroidManifest.xml:34:13-37
282    </application>
283
284</manifest>